<?xml version="1.0" encoding="UTF-8"?>
<!-- Generated by org.testng.reporters.JUnitReportReporter -->
<testsuite hostname="MacBook-Air.local" failures="0" tests="5" name="testcases.AddPatientTest" time="18.131" errors="0" timestamp="2025-05-17T16:47:35 IST" skipped="0">
  <testcase classname="testcases.AddPatientTest" name="TS19" time="1.595"/>
  <testcase classname="testcases.AddPatientTest" name="TS18" time="11.239"/>
  <testcase classname="testcases.AddPatientTest" name="TS21" time="0.275"/>
  <testcase classname="testcases.AddPatientTest" name="TS20" time="0.178"/>
  <testcase classname="testcases.AddPatientTest" name="TS22" time="4.844"/>
</testsuite> <!-- testcases.AddPatientTest -->
