<?xml version="1.0" encoding="UTF-8"?>
<!-- Generated by org.testng.reporters.JUnitReportReporter -->
<testsuite hostname="MacBook-Air.local" failures="0" tests="3" name="testcases.TodoTest" time="5.237" errors="0" timestamp="2025-05-15T01:14:08 IST" skipped="0">
  <testcase classname="testcases.TodoTest" name="TS05" time="3.324"/>
  <testcase classname="testcases.TodoTest" name="TS06" time="1.023"/>
  <testcase classname="testcases.TodoTest" name="TS07" time="0.890"/>
</testsuite> <!-- testcases.TodoTest -->
