<?xml version="1.0" encoding="UTF-8"?>
<!-- Generated by org.testng.reporters.JUnitReportReporter -->
<testsuite hostname="MacBook-Air.local" failures="0" tests="5" name="testcases.TodoTest" time="6.047" errors="0" timestamp="2025-05-16T18:49:25 IST" skipped="0">
  <testcase classname="testcases.TodoTest" name="TS05" time="0.018"/>
  <testcase classname="testcases.TodoTest" name="TS05" time="3.872"/>
  <testcase classname="testcases.TodoTest" name="TS06" time="0.012"/>
  <testcase classname="testcases.TodoTest" name="TS06" time="1.305"/>
  <testcase classname="testcases.TodoTest" name="TS07" time="0.840"/>
</testsuite> <!-- testcases.TodoTest -->
