<?xml version="1.0" encoding="UTF-8"?>
<!-- Generated by org.testng.reporters.JUnitReportReporter -->
<testsuite hostname="MacBook-Air.local" failures="0" tests="1" name="testcases.LoginTest" time="4.141" errors="0" timestamp="2025-05-16T18:08:34 IST" skipped="0">
  <testcase classname="testcases.LoginTest" name="TC01" time="4.141"/>
</testsuite> <!-- testcases.LoginTest -->
