<?xml version="1.0" encoding="UTF-8"?>
<!-- Generated by org.testng.reporters.JUnitReportReporter -->
<testsuite hostname="MacBook-Air.local" failures="0" tests="5" name="testcases.AddPatientTest" time="18.433" errors="0" timestamp="2025-05-15T01:17:22 IST" skipped="0">
  <testcase classname="testcases.AddPatientTest" name="TS19" time="1.574"/>
  <testcase classname="testcases.AddPatientTest" name="TS18" time="11.214"/>
  <testcase classname="testcases.AddPatientTest" name="TS21" time="0.227"/>
  <testcase classname="testcases.AddPatientTest" name="TS20" time="0.185"/>
  <testcase classname="testcases.AddPatientTest" name="TS22" time="5.233"/>
</testsuite> <!-- testcases.AddPatientTest -->
