<?xml version="1.0" encoding="UTF-8"?>
<!-- Generated by org.testng.reporters.JUnitReportReporter -->
<testsuite hostname="MacBook-Air.local" failures="0" tests="6" name="testcases.DashboardTest" time="35.647" errors="0" timestamp="2025-05-15T15:35:09 IST" skipped="0">
  <testcase classname="testcases.DashboardTest" name="TS09" time="5.138"/>
  <testcase classname="testcases.DashboardTest" name="TS10" time="1.443"/>
  <testcase classname="testcases.DashboardTest" name="TS11" time="3.130"/>
  <testcase classname="testcases.DashboardTest" name="TS13" time="14.061"/>
  <testcase classname="testcases.DashboardTest" name="TS14" time="5.518"/>
  <testcase classname="testcases.DashboardTest" name="TS15" time="6.357"/>
</testsuite> <!-- testcases.DashboardTest -->
