<?xml version="1.0" encoding="UTF-8"?>
<!-- Generated by org.testng.reporters.JUnitReportReporter -->
<testsuite hostname="MacBook-Air.local" failures="0" tests="6" name="testcases.DashboardTest" time="35.153" errors="0" timestamp="2025-05-17T16:39:40 IST" skipped="0">
  <testcase classname="testcases.DashboardTest" name="TS09" time="4.968"/>
  <testcase classname="testcases.DashboardTest" name="TS10" time="1.260"/>
  <testcase classname="testcases.DashboardTest" name="TS11" time="3.096"/>
  <testcase classname="testcases.DashboardTest" name="TS13" time="14.215"/>
  <testcase classname="testcases.DashboardTest" name="TS14" time="5.376"/>
  <testcase classname="testcases.DashboardTest" name="TS15" time="6.238"/>
</testsuite> <!-- testcases.DashboardTest -->
