<?xml version="1.0" encoding="UTF-8"?>
<!-- Generated by org.testng.reporters.JUnitReportReporter -->
<testsuite hostname="MacBook-Air.local" failures="0" tests="1" name="testcases.LoginTest" time="7.367" errors="0" timestamp="2025-05-12T14:00:27 IST" skipped="0">
  <testcase classname="testcases.LoginTest" name="TC01" time="7.367"/>
</testsuite> <!-- testcases.LoginTest -->
