<?xml version="1.0" encoding="UTF-8"?>
<!-- Generated by org.testng.reporters.JUnitReportReporter -->
<testsuite hostname="MacBook-Air.local" failures="0" tests="6" name="testcases.DashboardTest" time="35.631" errors="0" timestamp="2025-05-15T17:30:25 IST" skipped="0">
  <testcase classname="testcases.DashboardTest" name="TS09" time="4.939"/>
  <testcase classname="testcases.DashboardTest" name="TS10" time="1.266"/>
  <testcase classname="testcases.DashboardTest" name="TS11" time="3.095"/>
  <testcase classname="testcases.DashboardTest" name="TS13" time="14.543"/>
  <testcase classname="testcases.DashboardTest" name="TS14" time="5.314"/>
  <testcase classname="testcases.DashboardTest" name="TS15" time="6.474"/>
</testsuite> <!-- testcases.DashboardTest -->
